INFO [2025-01-07 12:18:57] $x
INFO [2025-01-07 12:18:57] list(set1, set2, set3)
INFO [2025-01-07 12:18:57] 
INFO [2025-01-07 12:18:57] $category.names
INFO [2025-01-07 12:18:57] c("Environment", "Behaviors", "Mental Disorders")
INFO [2025-01-07 12:18:57] 
INFO [2025-01-07 12:18:57] $filename
INFO [2025-01-07 12:18:57] [1] "VennDiagram_plot_example3.png"
INFO [2025-01-07 12:18:57] 
INFO [2025-01-07 12:18:57] $output
INFO [2025-01-07 12:18:57] [1] TRUE
INFO [2025-01-07 12:18:57] 
INFO [2025-01-07 12:18:57] $imagetype
INFO [2025-01-07 12:18:57] [1] "png"
INFO [2025-01-07 12:18:57] 
INFO [2025-01-07 12:18:57] $height
INFO [2025-01-07 12:18:57] [1] 1000
INFO [2025-01-07 12:18:57] 
INFO [2025-01-07 12:18:57] $width
INFO [2025-01-07 12:18:57] [1] 1000
INFO [2025-01-07 12:18:57] 
INFO [2025-01-07 12:18:57] $resolution
INFO [2025-01-07 12:18:57] [1] 300
INFO [2025-01-07 12:18:57] 
INFO [2025-01-07 12:18:57] $compression
INFO [2025-01-07 12:18:57] [1] "lzw"
INFO [2025-01-07 12:18:57] 
INFO [2025-01-07 12:18:57] $lwd
INFO [2025-01-07 12:18:57] [1] 2
INFO [2025-01-07 12:18:57] 
INFO [2025-01-07 12:18:57] $lty
INFO [2025-01-07 12:18:57] [1] "blank"
INFO [2025-01-07 12:18:57] 
INFO [2025-01-07 12:18:57] $fill
INFO [2025-01-07 12:18:57] myCol
INFO [2025-01-07 12:18:57] 
INFO [2025-01-07 12:18:57] $cex
INFO [2025-01-07 12:18:57] [1] 0.6
INFO [2025-01-07 12:18:57] 
INFO [2025-01-07 12:18:57] $fontface
INFO [2025-01-07 12:18:57] [1] "bold"
INFO [2025-01-07 12:18:57] 
INFO [2025-01-07 12:18:57] $fontfamily
INFO [2025-01-07 12:18:57] [1] "sans"
INFO [2025-01-07 12:18:57] 
INFO [2025-01-07 12:18:57] $cat.cex
INFO [2025-01-07 12:18:57] [1] 0.6
INFO [2025-01-07 12:18:57] 
INFO [2025-01-07 12:18:57] $cat.fontface
INFO [2025-01-07 12:18:57] [1] "bold"
INFO [2025-01-07 12:18:57] 
INFO [2025-01-07 12:18:57] $cat.default.pos
INFO [2025-01-07 12:18:57] [1] "outer"
INFO [2025-01-07 12:18:57] 
INFO [2025-01-07 12:18:57] $cat.pos
INFO [2025-01-07 12:18:57] c(-27, 27, 135)
INFO [2025-01-07 12:18:57] 
INFO [2025-01-07 12:18:57] $cat.dist
INFO [2025-01-07 12:18:57] c(0.055, 0.055, 0.085)
INFO [2025-01-07 12:18:57] 
INFO [2025-01-07 12:18:57] $cat.fontfamily
INFO [2025-01-07 12:18:57] [1] "sans"
INFO [2025-01-07 12:18:57] 
INFO [2025-01-07 12:18:57] $rotation
INFO [2025-01-07 12:18:57] [1] 1
INFO [2025-01-07 12:18:57] 
